Analysis & Synthesis report for Adventure_Game
Mon Dec 13 15:18:11 2021
Quartus Prime Version 19.1.0 Build 670 09/22/2019 SJ Lite Edition


---------------------
; Table of Contents ;
---------------------
  1. Legal Notice
  2. Analysis & Synthesis Summary
  3. Analysis & Synthesis Settings
  4. Parallel Compilation
  5. Analysis & Synthesis Source Files Read
  6. Analysis & Synthesis Resource Usage Summary
  7. Analysis & Synthesis Resource Utilization by Entity
  8. State Machine - |Adventure_Game|Adventure_Game_Room:A0|current_state
  9. User-Specified and Inferred Latches
 10. Registers Removed During Synthesis
 11. General Register Statistics
 12. Parameter Settings for User Entity Instance: Adventure_Game_Room:A0
 13. Post-Synthesis Netlist Statistics for Top Partition
 14. Elapsed Time Per Partition
 15. Analysis & Synthesis Messages
 16. Analysis & Synthesis Suppressed Messages



----------------
; Legal Notice ;
----------------
Copyright (C) 2019  Intel Corporation. All rights reserved.
Your use of Intel Corporation's design tools, logic functions 
and other software and tools, and any partner logic 
functions, and any output files from any of the foregoing 
(including device programming or simulation files), and any 
associated documentation or information are expressly subject 
to the terms and conditions of the Intel Program License 
Subscription Agreement, the Intel Quartus Prime License Agreement,
the Intel FPGA IP License Agreement, or other applicable license
agreement, including, without limitation, that your use is for
the sole purpose of programming logic devices manufactured by
Intel and sold by Intel or its authorized distributors.  Please
refer to the applicable agreement for further details, at
https://fpgasoftware.intel.com/eula.



+----------------------------------------------------------------------------------+
; Analysis & Synthesis Summary                                                     ;
+------------------------------------+---------------------------------------------+
; Analysis & Synthesis Status        ; Successful - Mon Dec 13 15:18:11 2021       ;
; Quartus Prime Version              ; 19.1.0 Build 670 09/22/2019 SJ Lite Edition ;
; Revision Name                      ; Adventure_Game                              ;
; Top-level Entity Name              ; Adventure_Game                              ;
; Family                             ; Cyclone IV E                                ;
; Total logic elements               ; 66                                          ;
;     Total combinational functions  ; 66                                          ;
;     Dedicated logic registers      ; 31                                          ;
; Total registers                    ; 31                                          ;
; Total pins                         ; 10                                          ;
; Total virtual pins                 ; 0                                           ;
; Total memory bits                  ; 0                                           ;
; Embedded Multiplier 9-bit elements ; 0                                           ;
; Total PLLs                         ; 0                                           ;
+------------------------------------+---------------------------------------------+


+------------------------------------------------------------------------------------------------------------+
; Analysis & Synthesis Settings                                                                              ;
+------------------------------------------------------------------+--------------------+--------------------+
; Option                                                           ; Setting            ; Default Value      ;
+------------------------------------------------------------------+--------------------+--------------------+
; Device                                                           ; EP4CE115F29C7      ;                    ;
; Top-level entity name                                            ; Adventure_Game     ; Adventure_Game     ;
; Family name                                                      ; Cyclone IV E       ; Cyclone V          ;
; Use smart compilation                                            ; Off                ; Off                ;
; Enable parallel Assembler and Timing Analyzer during compilation ; On                 ; On                 ;
; Enable compact report table                                      ; Off                ; Off                ;
; Restructure Multiplexers                                         ; Auto               ; Auto               ;
; Create Debugging Nodes for IP Cores                              ; Off                ; Off                ;
; Preserve fewer node names                                        ; On                 ; On                 ;
; Intel FPGA IP Evaluation Mode                                    ; Enable             ; Enable             ;
; Verilog Version                                                  ; Verilog_2001       ; Verilog_2001       ;
; VHDL Version                                                     ; VHDL_1993          ; VHDL_1993          ;
; State Machine Processing                                         ; Auto               ; Auto               ;
; Safe State Machine                                               ; Off                ; Off                ;
; Extract Verilog State Machines                                   ; On                 ; On                 ;
; Extract VHDL State Machines                                      ; On                 ; On                 ;
; Ignore Verilog initial constructs                                ; Off                ; Off                ;
; Iteration limit for constant Verilog loops                       ; 5000               ; 5000               ;
; Iteration limit for non-constant Verilog loops                   ; 250                ; 250                ;
; Add Pass-Through Logic to Inferred RAMs                          ; On                 ; On                 ;
; Infer RAMs from Raw Logic                                        ; On                 ; On                 ;
; Parallel Synthesis                                               ; On                 ; On                 ;
; DSP Block Balancing                                              ; Auto               ; Auto               ;
; NOT Gate Push-Back                                               ; On                 ; On                 ;
; Power-Up Don't Care                                              ; On                 ; On                 ;
; Remove Redundant Logic Cells                                     ; Off                ; Off                ;
; Remove Duplicate Registers                                       ; On                 ; On                 ;
; Ignore CARRY Buffers                                             ; Off                ; Off                ;
; Ignore CASCADE Buffers                                           ; Off                ; Off                ;
; Ignore GLOBAL Buffers                                            ; Off                ; Off                ;
; Ignore ROW GLOBAL Buffers                                        ; Off                ; Off                ;
; Ignore LCELL Buffers                                             ; Off                ; Off                ;
; Ignore SOFT Buffers                                              ; On                 ; On                 ;
; Limit AHDL Integers to 32 Bits                                   ; Off                ; Off                ;
; Optimization Technique                                           ; Balanced           ; Balanced           ;
; Carry Chain Length                                               ; 70                 ; 70                 ;
; Auto Carry Chains                                                ; On                 ; On                 ;
; Auto Open-Drain Pins                                             ; On                 ; On                 ;
; Perform WYSIWYG Primitive Resynthesis                            ; Off                ; Off                ;
; Auto ROM Replacement                                             ; On                 ; On                 ;
; Auto RAM Replacement                                             ; On                 ; On                 ;
; Auto DSP Block Replacement                                       ; On                 ; On                 ;
; Auto Shift Register Replacement                                  ; Auto               ; Auto               ;
; Allow Shift Register Merging across Hierarchies                  ; Auto               ; Auto               ;
; Auto Clock Enable Replacement                                    ; On                 ; On                 ;
; Strict RAM Replacement                                           ; Off                ; Off                ;
; Allow Synchronous Control Signals                                ; On                 ; On                 ;
; Force Use of Synchronous Clear Signals                           ; Off                ; Off                ;
; Auto RAM Block Balancing                                         ; On                 ; On                 ;
; Auto RAM to Logic Cell Conversion                                ; Off                ; Off                ;
; Auto Resource Sharing                                            ; Off                ; Off                ;
; Allow Any RAM Size For Recognition                               ; Off                ; Off                ;
; Allow Any ROM Size For Recognition                               ; Off                ; Off                ;
; Allow Any Shift Register Size For Recognition                    ; Off                ; Off                ;
; Use LogicLock Constraints during Resource Balancing              ; On                 ; On                 ;
; Ignore translate_off and synthesis_off directives                ; Off                ; Off                ;
; Timing-Driven Synthesis                                          ; On                 ; On                 ;
; Report Parameter Settings                                        ; On                 ; On                 ;
; Report Source Assignments                                        ; On                 ; On                 ;
; Report Connectivity Checks                                       ; On                 ; On                 ;
; Ignore Maximum Fan-Out Assignments                               ; Off                ; Off                ;
; Synchronization Register Chain Length                            ; 2                  ; 2                  ;
; Power Optimization During Synthesis                              ; Normal compilation ; Normal compilation ;
; HDL message level                                                ; Level2             ; Level2             ;
; Suppress Register Optimization Related Messages                  ; Off                ; Off                ;
; Number of Removed Registers Reported in Synthesis Report         ; 5000               ; 5000               ;
; Number of Swept Nodes Reported in Synthesis Report               ; 5000               ; 5000               ;
; Number of Inverted Registers Reported in Synthesis Report        ; 100                ; 100                ;
; Clock MUX Protection                                             ; On                 ; On                 ;
; Auto Gated Clock Conversion                                      ; Off                ; Off                ;
; Block Design Naming                                              ; Auto               ; Auto               ;
; SDC constraint protection                                        ; Off                ; Off                ;
; Synthesis Effort                                                 ; Auto               ; Auto               ;
; Shift Register Replacement - Allow Asynchronous Clear Signal     ; On                 ; On                 ;
; Pre-Mapping Resynthesis Optimization                             ; Off                ; Off                ;
; Analysis & Synthesis Message Level                               ; Medium             ; Medium             ;
; Disable Register Merging Across Hierarchies                      ; Auto               ; Auto               ;
; Resource Aware Inference For Block RAM                           ; On                 ; On                 ;
+------------------------------------------------------------------+--------------------+--------------------+


+------------------------------------------+
; Parallel Compilation                     ;
+----------------------------+-------------+
; Processors                 ; Number      ;
+----------------------------+-------------+
; Number detected on machine ; 4           ;
; Maximum allowed            ; 2           ;
;                            ;             ;
; Average used               ; 1.00        ;
; Maximum used               ; 2           ;
;                            ;             ;
; Usage by Processor         ; % Time Used ;
;     Processor 1            ; 100.0%      ;
;     Processor 2            ;   0.0%      ;
+----------------------------+-------------+


+----------------------------------------------------------------------------------------------------------------------------------------------------------------+
; Analysis & Synthesis Source Files Read                                                                                                                         ;
+----------------------------------+-----------------+------------------------+------------------------------------------------------------------------+---------+
; File Name with User-Entered Path ; Used in Netlist ; File Type              ; File Name with Absolute Path                                           ; Library ;
+----------------------------------+-----------------+------------------------+------------------------------------------------------------------------+---------+
; Adventure_Game.v                 ; yes             ; User Verilog HDL File  ; C:/Users/Admin/Documents/quartus/Adventure_game/Adventure_Game.v       ;         ;
; Adventure_Game_Room.v            ; yes             ; User Verilog HDL File  ; C:/Users/Admin/Documents/quartus/Adventure_game/Adventure_Game_Room.v  ;         ;
; Adventure_Game_Sword.v           ; yes             ; User Verilog HDL File  ; C:/Users/Admin/Documents/quartus/Adventure_game/Adventure_Game_Sword.v ;         ;
+----------------------------------+-----------------+------------------------+------------------------------------------------------------------------+---------+


+---------------------------------------------------------+
; Analysis & Synthesis Resource Usage Summary             ;
+---------------------------------------------+-----------+
; Resource                                    ; Usage     ;
+---------------------------------------------+-----------+
; Estimated Total logic elements              ; 66        ;
;                                             ;           ;
; Total combinational functions               ; 66        ;
; Logic element usage by number of LUT inputs ;           ;
;     -- 4 input functions                    ; 16        ;
;     -- 3 input functions                    ; 19        ;
;     -- <=2 input functions                  ; 31        ;
;                                             ;           ;
; Logic elements by mode                      ;           ;
;     -- normal mode                          ; 47        ;
;     -- arithmetic mode                      ; 19        ;
;                                             ;           ;
; Total registers                             ; 31        ;
;     -- Dedicated logic registers            ; 31        ;
;     -- I/O registers                        ; 0         ;
;                                             ;           ;
; I/O pins                                    ; 10        ;
;                                             ;           ;
; Embedded Multiplier 9-bit elements          ; 0         ;
;                                             ;           ;
; Maximum fan-out node                        ; clk~input ;
; Maximum fan-out                             ; 31        ;
; Total fan-out                               ; 269       ;
; Average fan-out                             ; 2.30      ;
+---------------------------------------------+-----------+


+-----------------------------------------------------------------------------------------------------------------------------------------------------------------------------------------------------------------------------------------+
; Analysis & Synthesis Resource Utilization by Entity                                                                                                                                                                                     ;
+------------------------------+---------------------+---------------------------+-------------+--------------+---------+-----------+------+--------------+-----------------------------------------+----------------------+--------------+
; Compilation Hierarchy Node   ; Combinational ALUTs ; Dedicated Logic Registers ; Memory Bits ; DSP Elements ; DSP 9x9 ; DSP 18x18 ; Pins ; Virtual Pins ; Full Hierarchy Name                     ; Entity Name          ; Library Name ;
+------------------------------+---------------------+---------------------------+-------------+--------------+---------+-----------+------+--------------+-----------------------------------------+----------------------+--------------+
; |Adventure_Game              ; 66 (0)              ; 31 (0)                    ; 0           ; 0            ; 0       ; 0         ; 10   ; 0            ; |Adventure_Game                         ; Adventure_Game       ; work         ;
;    |Adventure_Game_Room:A0|  ; 63 (63)             ; 30 (30)                   ; 0           ; 0            ; 0       ; 0         ; 0    ; 0            ; |Adventure_Game|Adventure_Game_Room:A0  ; Adventure_Game_Room  ; work         ;
;    |Adventure_Game_Sword:A1| ; 3 (3)               ; 1 (1)                     ; 0           ; 0            ; 0       ; 0         ; 0    ; 0            ; |Adventure_Game|Adventure_Game_Sword:A1 ; Adventure_Game_Sword ; work         ;
+------------------------------+---------------------+---------------------------+-------------+--------------+---------+-----------+------+--------------+-----------------------------------------+----------------------+--------------+
Note: For table entries with two numbers listed, the numbers in parentheses indicate the number of resources of the given type used by the specific entity alone. The numbers listed outside of parentheses indicate the total resources of the given type used by the specific entity and all of its sub-entities in the hierarchy.


Encoding Type:  One-Hot
+------------------------------------------------------------------------------------------------------------------------------------------------------------+
; State Machine - |Adventure_Game|Adventure_Game_Room:A0|current_state                                                                                       ;
+--------------------+-------------------+--------------------+------------------+------------------+------------------+------------------+------------------+
; Name               ; current_state.WIN ; current_state.LOSE ; current_state.S4 ; current_state.S3 ; current_state.S2 ; current_state.S1 ; current_state.S0 ;
+--------------------+-------------------+--------------------+------------------+------------------+------------------+------------------+------------------+
; current_state.S0   ; 0                 ; 0                  ; 0                ; 0                ; 0                ; 0                ; 0                ;
; current_state.S1   ; 0                 ; 0                  ; 0                ; 0                ; 0                ; 1                ; 1                ;
; current_state.S2   ; 0                 ; 0                  ; 0                ; 0                ; 1                ; 0                ; 1                ;
; current_state.S3   ; 0                 ; 0                  ; 0                ; 1                ; 0                ; 0                ; 1                ;
; current_state.S4   ; 0                 ; 0                  ; 1                ; 0                ; 0                ; 0                ; 1                ;
; current_state.LOSE ; 0                 ; 1                  ; 0                ; 0                ; 0                ; 0                ; 1                ;
; current_state.WIN  ; 1                 ; 0                  ; 0                ; 0                ; 0                ; 0                ; 1                ;
+--------------------+-------------------+--------------------+------------------+------------------+------------------+------------------+------------------+


+-----------------------------------------------------------------------------------------------------------------+
; User-Specified and Inferred Latches                                                                             ;
+----------------------------------------------------+-----------------------------------+------------------------+
; Latch Name                                         ; Latch Enable Signal               ; Free of Timing Hazards ;
+----------------------------------------------------+-----------------------------------+------------------------+
; Adventure_Game_Room:A0|next_state.S1_425           ; Adventure_Game_Room:A0|Selector13 ; yes                    ;
; Adventure_Game_Room:A0|next_state.S3_403           ; Adventure_Game_Room:A0|Selector13 ; yes                    ;
; Adventure_Game_Room:A0|next_state.LOSE_381         ; Adventure_Game_Room:A0|Selector13 ; yes                    ;
; Adventure_Game_Room:A0|next_state.S2_414           ; Adventure_Game_Room:A0|Selector13 ; yes                    ;
; Adventure_Game_Room:A0|next_state.WIN_370          ; Adventure_Game_Room:A0|Selector13 ; yes                    ;
; Adventure_Game_Room:A0|next_state.S4_392           ; Adventure_Game_Room:A0|Selector13 ; yes                    ;
; Adventure_Game_Room:A0|next_state.S0_436           ; Adventure_Game_Room:A0|Selector13 ; yes                    ;
; Number of user-specified and inferred latches = 7  ;                                   ;                        ;
+----------------------------------------------------+-----------------------------------+------------------------+
Note: All latches listed above may not be present at the end of synthesis due to various synthesis optimizations.


+-------------------------------------------------------------+
; Registers Removed During Synthesis                          ;
+----------------------------------------+--------------------+
; Register name                          ; Reason for Removal ;
+----------------------------------------+--------------------+
; Adventure_Game_Room:A0|current_state~2 ; Lost fanout        ;
; Adventure_Game_Room:A0|current_state~3 ; Lost fanout        ;
; Adventure_Game_Room:A0|current_state~4 ; Lost fanout        ;
; Total Number of Removed Registers = 3  ;                    ;
+----------------------------------------+--------------------+


+------------------------------------------------------+
; General Register Statistics                          ;
+----------------------------------------------+-------+
; Statistic                                    ; Value ;
+----------------------------------------------+-------+
; Total registers                              ; 31    ;
; Number of registers using Synchronous Clear  ; 0     ;
; Number of registers using Synchronous Load   ; 0     ;
; Number of registers using Asynchronous Clear ; 0     ;
; Number of registers using Asynchronous Load  ; 0     ;
; Number of registers using Clock Enable       ; 12    ;
; Number of registers using Preset             ; 0     ;
+----------------------------------------------+-------+


+---------------------------------------------------------------------+
; Parameter Settings for User Entity Instance: Adventure_Game_Room:A0 ;
+----------------+-------+--------------------------------------------+
; Parameter Name ; Value ; Type                                       ;
+----------------+-------+--------------------------------------------+
; S0             ; 000   ; Unsigned Binary                            ;
; S1             ; 001   ; Unsigned Binary                            ;
; S2             ; 010   ; Unsigned Binary                            ;
; S3             ; 011   ; Unsigned Binary                            ;
; S4             ; 100   ; Unsigned Binary                            ;
; LOSE           ; 101   ; Unsigned Binary                            ;
; WIN            ; 110   ; Unsigned Binary                            ;
+----------------+-------+--------------------------------------------+
Note: In order to hide this table in the UI and the text report file, please set the "Show Parameter Settings in Synthesis Report" option in "Analysis and Synthesis Settings -> More Settings" to "Off".


+-----------------------------------------------------+
; Post-Synthesis Netlist Statistics for Top Partition ;
+-----------------------+-----------------------------+
; Type                  ; Count                       ;
+-----------------------+-----------------------------+
; boundary_port         ; 10                          ;
; cycloneiii_ff         ; 31                          ;
;     ENA               ; 12                          ;
;     plain             ; 19                          ;
; cycloneiii_lcell_comb ; 66                          ;
;     arith             ; 19                          ;
;         2 data inputs ; 18                          ;
;         3 data inputs ; 1                           ;
;     normal            ; 47                          ;
;         1 data inputs ; 3                           ;
;         2 data inputs ; 10                          ;
;         3 data inputs ; 18                          ;
;         4 data inputs ; 16                          ;
;                       ;                             ;
; Max LUT depth         ; 3.00                        ;
; Average LUT depth     ; 1.97                        ;
+-----------------------+-----------------------------+


+-------------------------------+
; Elapsed Time Per Partition    ;
+----------------+--------------+
; Partition Name ; Elapsed Time ;
+----------------+--------------+
; Top            ; 00:00:01     ;
+----------------+--------------+


+-------------------------------+
; Analysis & Synthesis Messages ;
+-------------------------------+
Info: *******************************************************************
Info: Running Quartus Prime Analysis & Synthesis
    Info: Version 19.1.0 Build 670 09/22/2019 SJ Lite Edition
    Info: Processing started: Mon Dec 13 15:17:47 2021
Info: Command: quartus_map --read_settings_files=on --write_settings_files=off Adventure_Game -c Adventure_Game
Warning (18236): Number of processors has not been specified which may cause overloading on shared machines.  Set the global assignment NUM_PARALLEL_PROCESSORS in your QSF to an appropriate value for best performance.
Info (20030): Parallel compilation is enabled and will use 2 of the 2 processors detected
Info (12021): Found 1 design units, including 1 entities, in source file adventure_game.v
    Info (12023): Found entity 1: Adventure_Game File: C:/Users/Admin/Documents/quartus/Adventure_game/Adventure_Game.v Line: 3
Info (12021): Found 1 design units, including 1 entities, in source file adventure_game_room.v
    Info (12023): Found entity 1: Adventure_Game_Room File: C:/Users/Admin/Documents/quartus/Adventure_game/Adventure_Game_Room.v Line: 7
Info (12021): Found 1 design units, including 1 entities, in source file adventure_game_sword.v
    Info (12023): Found entity 1: Adventure_Game_Sword File: C:/Users/Admin/Documents/quartus/Adventure_game/Adventure_Game_Sword.v Line: 9
Info (12021): Found 1 design units, including 1 entities, in source file adventure_game_tb.v
    Info (12023): Found entity 1: Adventure_Game_TB File: C:/Users/Admin/Documents/quartus/Adventure_game/Adventure_Game_TB.v Line: 1
Info (12127): Elaborating entity "Adventure_Game" for the top level hierarchy
Info (12128): Elaborating entity "Adventure_Game_Room" for hierarchy "Adventure_Game_Room:A0" File: C:/Users/Admin/Documents/quartus/Adventure_game/Adventure_Game.v Line: 25
Warning (10240): Verilog HDL Always Construct warning at Adventure_Game_Room.v(55): inferring latch(es) for variable "next_state", which holds its previous value in one or more paths through the always construct File: C:/Users/Admin/Documents/quartus/Adventure_game/Adventure_Game_Room.v Line: 55
Warning (10240): Verilog HDL Always Construct warning at Adventure_Game_Room.v(55): inferring latch(es) for variable "counting", which holds its previous value in one or more paths through the always construct File: C:/Users/Admin/Documents/quartus/Adventure_game/Adventure_Game_Room.v Line: 55
Warning (10230): Verilog HDL assignment warning at Adventure_Game_Room.v(127): truncated value with size 32 to match size of target (11) File: C:/Users/Admin/Documents/quartus/Adventure_game/Adventure_Game_Room.v Line: 127
Warning (10230): Verilog HDL assignment warning at Adventure_Game_Room.v(141): truncated value with size 32 to match size of target (11) File: C:/Users/Admin/Documents/quartus/Adventure_game/Adventure_Game_Room.v Line: 141
Warning (10230): Verilog HDL assignment warning at Adventure_Game_Room.v(147): truncated value with size 32 to match size of target (1) File: C:/Users/Admin/Documents/quartus/Adventure_game/Adventure_Game_Room.v Line: 147
Info (10041): Inferred latch for "counting" at Adventure_Game_Room.v(55) File: C:/Users/Admin/Documents/quartus/Adventure_game/Adventure_Game_Room.v Line: 55
Info (10041): Inferred latch for "next_state.WIN" at Adventure_Game_Room.v(55) File: C:/Users/Admin/Documents/quartus/Adventure_game/Adventure_Game_Room.v Line: 55
Info (10041): Inferred latch for "next_state.LOSE" at Adventure_Game_Room.v(55) File: C:/Users/Admin/Documents/quartus/Adventure_game/Adventure_Game_Room.v Line: 55
Info (10041): Inferred latch for "next_state.S4" at Adventure_Game_Room.v(55) File: C:/Users/Admin/Documents/quartus/Adventure_game/Adventure_Game_Room.v Line: 55
Info (10041): Inferred latch for "next_state.S3" at Adventure_Game_Room.v(55) File: C:/Users/Admin/Documents/quartus/Adventure_game/Adventure_Game_Room.v Line: 55
Info (10041): Inferred latch for "next_state.S2" at Adventure_Game_Room.v(55) File: C:/Users/Admin/Documents/quartus/Adventure_game/Adventure_Game_Room.v Line: 55
Info (10041): Inferred latch for "next_state.S1" at Adventure_Game_Room.v(55) File: C:/Users/Admin/Documents/quartus/Adventure_game/Adventure_Game_Room.v Line: 55
Info (10041): Inferred latch for "next_state.S0" at Adventure_Game_Room.v(55) File: C:/Users/Admin/Documents/quartus/Adventure_game/Adventure_Game_Room.v Line: 55
Info (12128): Elaborating entity "Adventure_Game_Sword" for hierarchy "Adventure_Game_Sword:A1" File: C:/Users/Admin/Documents/quartus/Adventure_game/Adventure_Game.v Line: 34
Warning (13012): Latch Adventure_Game_Room:A0|next_state.LOSE_381 has unsafe behavior File: C:/Users/Admin/Documents/quartus/Adventure_game/Adventure_Game_Room.v Line: 55
    Warning (13013): Ports D and ENA on the latch are fed by the same signal Adventure_Game_Room:A0|current_state.S4 File: C:/Users/Admin/Documents/quartus/Adventure_game/Adventure_Game_Room.v Line: 39
Warning (13012): Latch Adventure_Game_Room:A0|next_state.WIN_370 has unsafe behavior File: C:/Users/Admin/Documents/quartus/Adventure_game/Adventure_Game_Room.v Line: 55
    Warning (13013): Ports D and ENA on the latch are fed by the same signal Adventure_Game_Room:A0|current_state.S4 File: C:/Users/Admin/Documents/quartus/Adventure_game/Adventure_Game_Room.v Line: 39
Info (286030): Timing-Driven Synthesis is running
Info (17049): 3 registers lost all their fanouts during netlist optimizations.
Info (144001): Generated suppressed messages file C:/Users/Admin/Documents/quartus/Adventure_game/output_files/Adventure_Game.map.smsg
Info (16010): Generating hard_block partition "hard_block:auto_generated_inst"
    Info (16011): Adding 0 node(s), including 0 DDIO, 0 PLL, 0 transceiver and 0 LCELL
Info (21057): Implemented 76 device resources after synthesis - the final resource count might be different
    Info (21058): Implemented 5 input pins
    Info (21059): Implemented 5 output pins
    Info (21061): Implemented 66 logic cells
Info: Quartus Prime Analysis & Synthesis was successful. 0 errors, 10 warnings
    Info: Peak virtual memory: 4749 megabytes
    Info: Processing ended: Mon Dec 13 15:18:11 2021
    Info: Elapsed time: 00:00:24
    Info: Total CPU time (on all processors): 00:00:46


+------------------------------------------+
; Analysis & Synthesis Suppressed Messages ;
+------------------------------------------+
The suppressed messages can be found in C:/Users/Admin/Documents/quartus/Adventure_game/output_files/Adventure_Game.map.smsg.


